  [1m[36m (1.2ms)[0m  [1mCREATE TABLE "schema_migrations" ("version" varchar NOT NULL) [0m
  [1m[35m (0.0ms)[0m  select sqlite_version(*)
  [1m[36m (1.0ms)[0m  [1mCREATE UNIQUE INDEX "unique_schema_migrations" ON "schema_migrations" ("version")[0m
  [1m[35mActiveRecord::SchemaMigration Load (0.1ms)[0m  SELECT "schema_migrations".* FROM "schema_migrations"
  [1m[36mActiveRecord::SchemaMigration Load (0.1ms)[0m  [1mSELECT "schema_migrations".* FROM "schema_migrations"[0m
Migrating to CreatePosts (20151230232412)
  [1m[35m (0.1ms)[0m  begin transaction
  [1m[36m (0.4ms)[0m  [1mCREATE TABLE "posts" ("id" INTEGER PRIMARY KEY AUTOINCREMENT NOT NULL, "title" varchar, "description" text, "created_at" datetime NOT NULL, "updated_at" datetime NOT NULL) [0m
  [1m[35mSQL (0.2ms)[0m  INSERT INTO "schema_migrations" ("version") VALUES (?)  [["version", "20151230232412"]]
  [1m[36m (1.3ms)[0m  [1mcommit transaction[0m
  [1m[35mActiveRecord::SchemaMigration Load (0.1ms)[0m  SELECT "schema_migrations".* FROM "schema_migrations"


Started GET "/posts/new" for ::1 at 2015-12-31 13:44:56 -0600
  [1m[36mActiveRecord::SchemaMigration Load (0.1ms)[0m  [1mSELECT "schema_migrations".* FROM "schema_migrations"[0m
Processing by PostsController#new as HTML
  Rendered posts/new.html.erb within layouts/application (2.1ms)
Completed 200 OK in 347ms (Views: 326.8ms | ActiveRecord: 0.2ms)


Started GET "/assets/application.self-e80e8f2318043e8af94dddc2adad5a4f09739a8ebb323b3ab31cd71d45fd9113.css?body=1" for ::1 at 2015-12-31 13:44:57 -0600


Started GET "/assets/application.self-3b8dabdc891efe46b9a144b400ad69e37d7e5876bdc39dee783419a69d7ca819.js?body=1" for ::1 at 2015-12-31 13:44:57 -0600


Started POST "/posts" for ::1 at 2015-12-31 13:45:03 -0600
Processing by PostsController#create as HTML
  Parameters: {"utf8"=>"✓", "authenticity_token"=>"mFCuNJP5reOW19phdr4zXRLzOMo4NZQ3wneiVR+RO/+owIoDiOxh24iHKkZ7DGazxbSIoRmvIOmJgA4gog1sGg==", "title"=>"Rails Introduction Quiz", "description"=>"asdfasdf", "commit"=>"Submit Post"}
  [1m[35m (0.1ms)[0m  begin transaction
  [1m[36mSQL (0.4ms)[0m  [1mINSERT INTO "posts" ("title", "description", "created_at", "updated_at") VALUES (?, ?, ?, ?)[0m  [["title", "Rails Introduction Quiz"], ["description", "asdfasdf"], ["created_at", "2015-12-31 19:45:03.614973"], ["updated_at", "2015-12-31 19:45:03.614973"]]
  [1m[35m (1.2ms)[0m  commit transaction
Redirected to http://localhost:3000/posts/1
Completed 302 Found in 22ms (ActiveRecord: 1.7ms)


Started GET "/posts/1" for ::1 at 2015-12-31 13:45:03 -0600
Processing by PostsController#show as HTML
  Parameters: {"id"=>"1"}
  [1m[36mPost Load (0.2ms)[0m  [1mSELECT  "posts".* FROM "posts" WHERE "posts"."id" = ? LIMIT 1[0m  [["id", 1]]
  Rendered posts/show.html.erb within layouts/application (0.4ms)
Completed 200 OK in 27ms (Views: 10.4ms | ActiveRecord: 0.2ms)
  [1m[35m (0.1ms)[0m  [1m[36mbegin transaction[0m
  [1m[35mSQL (1.2ms)[0m  [1m[32mINSERT INTO "posts" ("title", "description", "created_at", "updated_at") VALUES (?, ?, ?, ?)[0m  [["title", "Title goes here"], ["description", "Description goes here"], ["created_at", "2019-09-26 14:35:52.195382"], ["updated_at", "2019-09-26 14:35:52.195382"]]
  [1m[35m (1.5ms)[0m  [1m[36mcommit transaction[0m
Started GET "/" for ::1 at 2019-09-26 15:38:53 +0100
  [1m[36mActiveRecord::SchemaMigration Load (0.1ms)[0m  [1m[34mSELECT "schema_migrations".* FROM "schema_migrations"[0m
Processing by Rails::WelcomeController#index as HTML
  Parameters: {"internal"=>true}
  Rendering /Users/jendin/.rvm/gems/ruby-2.6.3/gems/railties-5.0.7.2/lib/rails/templates/rails/welcome/index.html.erb
  Rendered /Users/jendin/.rvm/gems/ruby-2.6.3/gems/railties-5.0.7.2/lib/rails/templates/rails/welcome/index.html.erb (4.0ms)
Completed 200 OK in 19ms (Views: 10.7ms | ActiveRecord: 0.0ms)


Started GET "/posts/new" for ::1 at 2019-09-26 15:38:59 +0100
Processing by PostsController#new as HTML
  Rendering posts/new.html.erb within layouts/application
  Rendered posts/new.html.erb within layouts/application (6.3ms)
Completed 200 OK in 339ms (Views: 330.5ms | ActiveRecord: 0.6ms)


Started POST "/posts" for ::1 at 2019-09-26 15:39:13 +0100
Processing by PostsController#create as HTML
  Parameters: {"utf8"=>"✓", "authenticity_token"=>"W7wIu0UixOCS6gLGfR88deY9sbrvto1bG0vci/sMEUaU8sG5dHXMMA6iRdilmEIazjWw8/mojVrJa+6il8BFpQ==", "title"=>"Hello there", "description"=>"Description of the post", "commit"=>"Submit Post"}
  [1m[35m (0.1ms)[0m  [1m[36mbegin transaction[0m
  [1m[35mSQL (0.6ms)[0m  [1m[32mINSERT INTO "posts" ("title", "description", "created_at", "updated_at") VALUES (?, ?, ?, ?)[0m  [["title", "Hello there"], ["description", "Description of the post"], ["created_at", "2019-09-26 14:39:13.124557"], ["updated_at", "2019-09-26 14:39:13.124557"]]
  [1m[35m (0.7ms)[0m  [1m[36mcommit transaction[0m
No template found for PostsController#create, rendering head :no_content
Completed 204 No Content in 30ms (ActiveRecord: 1.4ms)


  [1m[36mPost Load (0.1ms)[0m  [1m[34mSELECT  "posts".* FROM "posts" ORDER BY "posts"."id" DESC LIMIT ?[0m  [["LIMIT", 1]]
Started GET "/" for ::1 at 2019-09-26 15:43:26 +0100
  [1m[36mActiveRecord::SchemaMigration Load (0.1ms)[0m  [1m[34mSELECT "schema_migrations".* FROM "schema_migrations"[0m
Processing by Rails::WelcomeController#index as HTML
  Parameters: {"internal"=>true}
  Rendering /Users/jendin/.rvm/gems/ruby-2.6.3/gems/railties-5.0.7.2/lib/rails/templates/rails/welcome/index.html.erb
  Rendered /Users/jendin/.rvm/gems/ruby-2.6.3/gems/railties-5.0.7.2/lib/rails/templates/rails/welcome/index.html.erb (2.3ms)
Completed 200 OK in 12ms (Views: 5.1ms | ActiveRecord: 0.0ms)


Started GET "/posts/new" for ::1 at 2019-09-26 15:43:32 +0100
Processing by PostsController#new as HTML
  Rendering posts/new.html.erb within layouts/application
  Rendered posts/new.html.erb within layouts/application (3.4ms)
Completed 200 OK in 224ms (Views: 209.6ms | ActiveRecord: 1.9ms)


Started POST "/posts" for ::1 at 2019-09-26 15:43:40 +0100
Processing by PostsController#create as HTML
  Parameters: {"utf8"=>"✓", "authenticity_token"=>"k2rbtrnaizaUrCTbDyiwBgRL66vHkiH7HYMoT9sGm45cJBK0iI2D5gjkY8XXr85pLEPq4tGMIfrPoxpmt8rPbQ==", "title"=>"hey hey ", "description"=>"hey hey hey", "commit"=>"Submit Post"}
  [1m[35m (0.1ms)[0m  [1m[36mbegin transaction[0m
  [1m[35mSQL (0.5ms)[0m  [1m[32mINSERT INTO "posts" ("title", "description", "created_at", "updated_at") VALUES (?, ?, ?, ?)[0m  [["title", "hey hey "], ["description", "hey hey hey"], ["created_at", "2019-09-26 14:43:40.635421"], ["updated_at", "2019-09-26 14:43:40.635421"]]
  [1m[35m (0.9ms)[0m  [1m[36mcommit transaction[0m
Completed 500 Internal Server Error in 13ms (ActiveRecord: 1.5ms)


  
NoMethodError (undefined method `post_path' for #<PostsController:0x00007ff647493460>
Did you mean?  posts_path):
  
app/controllers/posts_controller.rb:20:in `create'
  Rendering /Users/jendin/.rvm/gems/ruby-2.6.3/gems/actionpack-5.0.7.2/lib/action_dispatch/middleware/templates/rescues/diagnostics.html.erb within rescues/layout
  Rendering /Users/jendin/.rvm/gems/ruby-2.6.3/gems/actionpack-5.0.7.2/lib/action_dispatch/middleware/templates/rescues/_source.html.erb
  Rendered /Users/jendin/.rvm/gems/ruby-2.6.3/gems/actionpack-5.0.7.2/lib/action_dispatch/middleware/templates/rescues/_source.html.erb (4.2ms)
  Rendering /Users/jendin/.rvm/gems/ruby-2.6.3/gems/actionpack-5.0.7.2/lib/action_dispatch/middleware/templates/rescues/_trace.html.erb
  Rendered /Users/jendin/.rvm/gems/ruby-2.6.3/gems/actionpack-5.0.7.2/lib/action_dispatch/middleware/templates/rescues/_trace.html.erb (3.4ms)
  Rendering /Users/jendin/.rvm/gems/ruby-2.6.3/gems/actionpack-5.0.7.2/lib/action_dispatch/middleware/templates/rescues/_request_and_response.html.erb
  Rendered /Users/jendin/.rvm/gems/ruby-2.6.3/gems/actionpack-5.0.7.2/lib/action_dispatch/middleware/templates/rescues/_request_and_response.html.erb (1.3ms)
  Rendered /Users/jendin/.rvm/gems/ruby-2.6.3/gems/actionpack-5.0.7.2/lib/action_dispatch/middleware/templates/rescues/diagnostics.html.erb within rescues/layout (37.8ms)
Started POST "/posts" for ::1 at 2019-09-26 15:44:10 +0100
Processing by PostsController#create as HTML
  Parameters: {"utf8"=>"✓", "authenticity_token"=>"k2rbtrnaizaUrCTbDyiwBgRL66vHkiH7HYMoT9sGm45cJBK0iI2D5gjkY8XXr85pLEPq4tGMIfrPoxpmt8rPbQ==", "title"=>"hey hey ", "description"=>"hey hey hey", "commit"=>"Submit Post"}
  [1m[35m (0.1ms)[0m  [1m[36mbegin transaction[0m
  [1m[35mSQL (0.3ms)[0m  [1m[32mINSERT INTO "posts" ("title", "description", "created_at", "updated_at") VALUES (?, ?, ?, ?)[0m  [["title", "hey hey "], ["description", "hey hey hey"], ["created_at", "2019-09-26 14:44:10.337930"], ["updated_at", "2019-09-26 14:44:10.337930"]]
  [1m[35m (2.2ms)[0m  [1m[36mcommit transaction[0m
Completed 500 Internal Server Error in 16ms (ActiveRecord: 3.1ms)


  
NoMethodError (undefined method `post_path' for #<PostsController:0x00007ff645296a60>
Did you mean?  posts_path):
  
app/controllers/posts_controller.rb:20:in `create'
  Rendering /Users/jendin/.rvm/gems/ruby-2.6.3/gems/actionpack-5.0.7.2/lib/action_dispatch/middleware/templates/rescues/diagnostics.html.erb within rescues/layout
  Rendering /Users/jendin/.rvm/gems/ruby-2.6.3/gems/actionpack-5.0.7.2/lib/action_dispatch/middleware/templates/rescues/_source.html.erb
  Rendered /Users/jendin/.rvm/gems/ruby-2.6.3/gems/actionpack-5.0.7.2/lib/action_dispatch/middleware/templates/rescues/_source.html.erb (2.0ms)
  Rendering /Users/jendin/.rvm/gems/ruby-2.6.3/gems/actionpack-5.0.7.2/lib/action_dispatch/middleware/templates/rescues/_trace.html.erb
  Rendered /Users/jendin/.rvm/gems/ruby-2.6.3/gems/actionpack-5.0.7.2/lib/action_dispatch/middleware/templates/rescues/_trace.html.erb (0.9ms)
  Rendering /Users/jendin/.rvm/gems/ruby-2.6.3/gems/actionpack-5.0.7.2/lib/action_dispatch/middleware/templates/rescues/_request_and_response.html.erb
  Rendered /Users/jendin/.rvm/gems/ruby-2.6.3/gems/actionpack-5.0.7.2/lib/action_dispatch/middleware/templates/rescues/_request_and_response.html.erb (0.6ms)
  Rendered /Users/jendin/.rvm/gems/ruby-2.6.3/gems/actionpack-5.0.7.2/lib/action_dispatch/middleware/templates/rescues/diagnostics.html.erb within rescues/layout (13.1ms)
Started POST "/posts" for ::1 at 2019-09-26 15:44:40 +0100
Processing by PostsController#create as HTML
  Parameters: {"utf8"=>"✓", "authenticity_token"=>"k2rbtrnaizaUrCTbDyiwBgRL66vHkiH7HYMoT9sGm45cJBK0iI2D5gjkY8XXr85pLEPq4tGMIfrPoxpmt8rPbQ==", "title"=>"hey hey ", "description"=>"hey hey hey", "commit"=>"Submit Post"}
  [1m[35m (0.1ms)[0m  [1m[36mbegin transaction[0m
  [1m[35mSQL (0.3ms)[0m  [1m[32mINSERT INTO "posts" ("title", "description", "created_at", "updated_at") VALUES (?, ?, ?, ?)[0m  [["title", "hey hey "], ["description", "hey hey hey"], ["created_at", "2019-09-26 14:44:40.913342"], ["updated_at", "2019-09-26 14:44:40.913342"]]
  [1m[35m (1.9ms)[0m  [1m[36mcommit transaction[0m
Completed 500 Internal Server Error in 15ms (ActiveRecord: 2.9ms)


  
NoMethodError (undefined method `post_path' for #<PostsController:0x00007ff649902ff8>
Did you mean?  posts_path):
  
app/controllers/posts_controller.rb:19:in `create'
  Rendering /Users/jendin/.rvm/gems/ruby-2.6.3/gems/actionpack-5.0.7.2/lib/action_dispatch/middleware/templates/rescues/diagnostics.html.erb within rescues/layout
  Rendering /Users/jendin/.rvm/gems/ruby-2.6.3/gems/actionpack-5.0.7.2/lib/action_dispatch/middleware/templates/rescues/_source.html.erb
  Rendered /Users/jendin/.rvm/gems/ruby-2.6.3/gems/actionpack-5.0.7.2/lib/action_dispatch/middleware/templates/rescues/_source.html.erb (5.3ms)
  Rendering /Users/jendin/.rvm/gems/ruby-2.6.3/gems/actionpack-5.0.7.2/lib/action_dispatch/middleware/templates/rescues/_trace.html.erb
  Rendered /Users/jendin/.rvm/gems/ruby-2.6.3/gems/actionpack-5.0.7.2/lib/action_dispatch/middleware/templates/rescues/_trace.html.erb (1.4ms)
  Rendering /Users/jendin/.rvm/gems/ruby-2.6.3/gems/actionpack-5.0.7.2/lib/action_dispatch/middleware/templates/rescues/_request_and_response.html.erb
  Rendered /Users/jendin/.rvm/gems/ruby-2.6.3/gems/actionpack-5.0.7.2/lib/action_dispatch/middleware/templates/rescues/_request_and_response.html.erb (1.1ms)
  Rendered /Users/jendin/.rvm/gems/ruby-2.6.3/gems/actionpack-5.0.7.2/lib/action_dispatch/middleware/templates/rescues/diagnostics.html.erb within rescues/layout (23.4ms)
Started POST "/posts" for ::1 at 2019-09-26 15:45:06 +0100
Processing by PostsController#create as HTML
  Parameters: {"utf8"=>"✓", "authenticity_token"=>"k2rbtrnaizaUrCTbDyiwBgRL66vHkiH7HYMoT9sGm45cJBK0iI2D5gjkY8XXr85pLEPq4tGMIfrPoxpmt8rPbQ==", "title"=>"hey hey ", "description"=>"hey hey hey", "commit"=>"Submit Post"}
  [1m[35m (0.1ms)[0m  [1m[36mbegin transaction[0m
  [1m[35mSQL (0.5ms)[0m  [1m[32mINSERT INTO "posts" ("title", "description", "created_at", "updated_at") VALUES (?, ?, ?, ?)[0m  [["title", "hey hey "], ["description", "hey hey hey"], ["created_at", "2019-09-26 14:45:06.669919"], ["updated_at", "2019-09-26 14:45:06.669919"]]
  [1m[35m (2.1ms)[0m  [1m[36mcommit transaction[0m
Redirected to http://localhost:3000/posts/7
Completed 302 Found in 13ms (ActiveRecord: 3.2ms)


Started GET "/posts/7" for ::1 at 2019-09-26 15:45:06 +0100
Processing by PostsController#show as HTML
  Parameters: {"id"=>"7"}
  [1m[36mPost Load (0.2ms)[0m  [1m[34mSELECT  "posts".* FROM "posts" WHERE "posts"."id" = ? LIMIT ?[0m  [["id", 7], ["LIMIT", 1]]
  Rendering posts/show.html.erb within layouts/application
  Rendered posts/show.html.erb within layouts/application (0.7ms)
Completed 200 OK in 31ms (Views: 27.8ms | ActiveRecord: 0.2ms)


